2022-01-22 23:21:02,827 :INFO :Test_MMT :Web Url is : https://www.makemytrip.com/
2022-01-22 23:21:29,015 :INFO :Test_MMT :User details section Close
2022-01-22 23:21:30,101 :INFO :Test_MMT :Hindi Alert Close
2022-01-22 23:21:30,567 :INFO :Test_MMT :Flights link clicked
2022-01-22 23:21:30,912 :INFO :Test_MMT :Hotels link clicked
2022-01-22 23:21:31,334 :INFO :Test_MMT :Homestays link clicked
2022-01-22 23:21:31,669 :INFO :Test_MMT :Holiday Packages link clicked
2022-01-22 23:21:31,968 :INFO :Test_MMT :Trains link clicked
2022-01-22 23:21:32,255 :INFO :Test_MMT :Buses link clicked
2022-01-22 23:21:32,393 :INFO :Test_MMT :Cabs link clicked
2022-01-22 23:21:32,537 :INFO :Test_MMT :Visa link clicked
2022-01-22 23:21:32,774 :INFO :Test_MMT :Charter Flights link clicked
2022-01-22 23:21:32,885 :INFO :Test_MMT :Activities link clicked
2022-01-22 23:21:32,885 :INFO :Test_MMT :Successfully Clicked on All links 
2022-01-22 23:21:35,373 :INFO :Test_Flight :One Way Radio Button is default selected
2022-01-22 23:21:35,404 :INFO :Test_Flight :Flight FROM section is appearing
2022-01-22 23:21:35,435 :INFO :Test_Flight :Flight TO section is appearing
2022-01-22 23:21:38,544 :INFO :Test_Flight :New Delhi is selected
2022-01-22 23:21:38,544 :INFO :Test_Flight :Verifying flight TO drop down....
2022-01-22 23:21:45,641 :ERROR :Test_Flight :Message: no such element: Unable to locate element: {"method":"xpath","selector":"//input[@class='react-autosuggest__input react-autosuggest__input--open']"}
  (Session info: chrome=97.0.4692.71)
Stacktrace:
Backtrace:
	Ordinal0 [0x00586903+2517251]
	Ordinal0 [0x0051F8E1+2095329]
	Ordinal0 [0x00422848+1058888]
	Ordinal0 [0x0044D448+1233992]
	Ordinal0 [0x0044D63B+1234491]
	Ordinal0 [0x00477812+1406994]
	Ordinal0 [0x0046650A+1336586]
	Ordinal0 [0x00475BBF+1399743]
	Ordinal0 [0x0046639B+1336219]
	Ordinal0 [0x004427A7+1189799]
	Ordinal0 [0x00443609+1193481]
	GetHandleVerifier [0x00715904+1577972]
	GetHandleVerifier [0x007C0B97+2279047]
	GetHandleVerifier [0x00616D09+534521]
	GetHandleVerifier [0x00615DB9+530601]
	Ordinal0 [0x00524FF9+2117625]
	Ordinal0 [0x005298A8+2136232]
	Ordinal0 [0x005299E2+2136546]
	Ordinal0 [0x00533541+2176321]
	BaseThreadInitThunk [0x76C5FA29+25]
	RtlGetAppContainerNamedObjectPath [0x77017A9E+286]
	RtlGetAppContainerNamedObjectPath [0x77017A6E+238]

2022-01-22 23:24:07,603 :INFO :Test_MMT :Web Url is : https://www.makemytrip.com/
2022-01-22 23:24:33,197 :INFO :Test_MMT :User details section Close
2022-01-22 23:24:39,252 :ERROR :Test_MMT :Message: no such element: Unable to locate element: {"method":"xpath","selector":"//span[@class='langCardClose']"}
  (Session info: chrome=97.0.4692.71)
Stacktrace:
Backtrace:
	Ordinal0 [0x00586903+2517251]
	Ordinal0 [0x0051F8E1+2095329]
	Ordinal0 [0x00422848+1058888]
	Ordinal0 [0x0044D448+1233992]
	Ordinal0 [0x0044D63B+1234491]
	Ordinal0 [0x00477812+1406994]
	Ordinal0 [0x0046650A+1336586]
	Ordinal0 [0x00475BBF+1399743]
	Ordinal0 [0x0046639B+1336219]
	Ordinal0 [0x004427A7+1189799]
	Ordinal0 [0x00443609+1193481]
	GetHandleVerifier [0x00715904+1577972]
	GetHandleVerifier [0x007C0B97+2279047]
	GetHandleVerifier [0x00616D09+534521]
	GetHandleVerifier [0x00615DB9+530601]
	Ordinal0 [0x00524FF9+2117625]
	Ordinal0 [0x005298A8+2136232]
	Ordinal0 [0x005299E2+2136546]
	Ordinal0 [0x00533541+2176321]
	BaseThreadInitThunk [0x76C5FA29+25]
	RtlGetAppContainerNamedObjectPath [0x77017A9E+286]
	RtlGetAppContainerNamedObjectPath [0x77017A6E+238]

2022-01-22 23:24:40,186 :INFO :Test_MMT :Flights link clicked
2022-01-22 23:24:40,469 :INFO :Test_MMT :Hotels link clicked
2022-01-22 23:24:41,052 :INFO :Test_MMT :Homestays link clicked
2022-01-22 23:24:41,443 :INFO :Test_MMT :Holiday Packages link clicked
2022-01-22 23:24:41,617 :INFO :Test_MMT :Trains link clicked
2022-01-22 23:24:41,979 :INFO :Test_MMT :Buses link clicked
2022-01-22 23:24:43,194 :INFO :Test_MMT :Cabs link clicked
2022-01-22 23:24:43,446 :INFO :Test_MMT :Visa link clicked
2022-01-22 23:24:43,803 :INFO :Test_MMT :Charter Flights link clicked
2022-01-22 23:24:44,000 :INFO :Test_MMT :Activities link clicked
2022-01-22 23:24:44,000 :INFO :Test_MMT :Successfully Clicked on All links 
2022-01-22 23:24:46,542 :INFO :Test_Flight :One Way Radio Button is default selected
2022-01-22 23:24:46,557 :INFO :Test_Flight :Flight FROM section is appearing
2022-01-22 23:24:46,589 :INFO :Test_Flight :Flight TO section is appearing
2022-01-22 23:24:50,794 :INFO :Test_Flight :New Delhi is selected
2022-01-22 23:24:50,794 :INFO :Test_Flight :Verifying flight TO drop down....
2022-01-22 23:24:57,888 :ERROR :Test_Flight :Message: no such element: Unable to locate element: {"method":"xpath","selector":"//input[@class='react-autosuggest__input react-autosuggest__input--open']"}
  (Session info: chrome=97.0.4692.71)
Stacktrace:
Backtrace:
	Ordinal0 [0x00586903+2517251]
	Ordinal0 [0x0051F8E1+2095329]
	Ordinal0 [0x00422848+1058888]
	Ordinal0 [0x0044D448+1233992]
	Ordinal0 [0x0044D63B+1234491]
	Ordinal0 [0x00477812+1406994]
	Ordinal0 [0x0046650A+1336586]
	Ordinal0 [0x00475BBF+1399743]
	Ordinal0 [0x0046639B+1336219]
	Ordinal0 [0x004427A7+1189799]
	Ordinal0 [0x00443609+1193481]
	GetHandleVerifier [0x00715904+1577972]
	GetHandleVerifier [0x007C0B97+2279047]
	GetHandleVerifier [0x00616D09+534521]
	GetHandleVerifier [0x00615DB9+530601]
	Ordinal0 [0x00524FF9+2117625]
	Ordinal0 [0x005298A8+2136232]
	Ordinal0 [0x005299E2+2136546]
	Ordinal0 [0x00533541+2176321]
	BaseThreadInitThunk [0x76C5FA29+25]
	RtlGetAppContainerNamedObjectPath [0x77017A9E+286]
	RtlGetAppContainerNamedObjectPath [0x77017A6E+238]

2022-01-22 23:30:26,770 :INFO :Test_MMT :Web Url is : https://www.makemytrip.com/
2022-01-22 23:31:01,030 :INFO :Test_MMT :User details section Close
2022-01-22 23:31:02,153 :INFO :Test_MMT :Hindi Alert Close
2022-01-22 23:31:02,912 :INFO :Test_MMT :Flights link clicked
2022-01-22 23:31:03,634 :INFO :Test_MMT :Hotels link clicked
2022-01-22 23:31:03,963 :INFO :Test_MMT :Homestays link clicked
2022-01-22 23:31:04,480 :INFO :Test_MMT :Holiday Packages link clicked
2022-01-22 23:31:04,864 :INFO :Test_MMT :Trains link clicked
2022-01-22 23:31:05,175 :INFO :Test_MMT :Buses link clicked
2022-01-22 23:31:07,406 :INFO :Test_MMT :Cabs link clicked
2022-01-22 23:31:07,626 :INFO :Test_MMT :Visa link clicked
2022-01-22 23:31:07,813 :INFO :Test_MMT :Charter Flights link clicked
2022-01-22 23:31:07,963 :INFO :Test_MMT :Activities link clicked
2022-01-22 23:31:07,963 :INFO :Test_MMT :Successfully Clicked on All links 
2022-01-22 23:31:10,611 :INFO :Test_Flight :One Way Radio Button is default selected
2022-01-22 23:31:10,658 :INFO :Test_Flight :Flight FROM section is appearing
2022-01-22 23:31:10,689 :INFO :Test_Flight :Flight TO section is appearing
2022-01-22 23:31:14,293 :INFO :Test_Flight :New Delhi is selected
2022-01-22 23:31:14,293 :INFO :Test_Flight :Verifying flight TO drop down....
2022-01-22 23:31:21,420 :ERROR :Test_Flight :Message: no such element: Unable to locate element: {"method":"xpath","selector":"//input[@class='react-autosuggest__input react-autosuggest__input--open']"}
  (Session info: chrome=97.0.4692.71)
Stacktrace:
Backtrace:
	Ordinal0 [0x00586903+2517251]
	Ordinal0 [0x0051F8E1+2095329]
	Ordinal0 [0x00422848+1058888]
	Ordinal0 [0x0044D448+1233992]
	Ordinal0 [0x0044D63B+1234491]
	Ordinal0 [0x00477812+1406994]
	Ordinal0 [0x0046650A+1336586]
	Ordinal0 [0x00475BBF+1399743]
	Ordinal0 [0x0046639B+1336219]
	Ordinal0 [0x004427A7+1189799]
	Ordinal0 [0x00443609+1193481]
	GetHandleVerifier [0x00715904+1577972]
	GetHandleVerifier [0x007C0B97+2279047]
	GetHandleVerifier [0x00616D09+534521]
	GetHandleVerifier [0x00615DB9+530601]
	Ordinal0 [0x00524FF9+2117625]
	Ordinal0 [0x005298A8+2136232]
	Ordinal0 [0x005299E2+2136546]
	Ordinal0 [0x00533541+2176321]
	BaseThreadInitThunk [0x76C5FA29+25]
	RtlGetAppContainerNamedObjectPath [0x77017A9E+286]
	RtlGetAppContainerNamedObjectPath [0x77017A6E+238]

2022-01-22 23:33:51,873 :INFO :Test_MMT :Web Url is : https://www.makemytrip.com/
2022-01-22 23:34:17,016 :INFO :Test_MMT :User details section Close
2022-01-22 23:34:18,142 :INFO :Test_MMT :Hindi Alert Close
2022-01-22 23:34:18,486 :INFO :Test_MMT :Flights link clicked
2022-01-22 23:34:19,118 :INFO :Test_MMT :Hotels link clicked
2022-01-22 23:34:19,458 :INFO :Test_MMT :Homestays link clicked
2022-01-22 23:34:19,840 :INFO :Test_MMT :Holiday Packages link clicked
2022-01-22 23:34:20,263 :INFO :Test_MMT :Trains link clicked
2022-01-22 23:34:20,828 :INFO :Test_MMT :Buses link clicked
2022-01-22 23:34:21,033 :INFO :Test_MMT :Cabs link clicked
2022-01-22 23:34:21,202 :INFO :Test_MMT :Visa link clicked
2022-01-22 23:34:21,409 :INFO :Test_MMT :Charter Flights link clicked
2022-01-22 23:34:21,556 :INFO :Test_MMT :Activities link clicked
2022-01-22 23:34:21,556 :INFO :Test_MMT :Successfully Clicked on All links 
2022-01-22 23:34:24,195 :INFO :Test_Flight :One Way Radio Button is default selected
2022-01-22 23:34:24,242 :INFO :Test_Flight :Flight FROM section is appearing
2022-01-22 23:36:07,681 :INFO :Test_MMT :Web Url is : https://www.makemytrip.com/
2022-01-22 23:36:37,303 :INFO :Test_MMT :User details section Close
2022-01-22 23:36:38,441 :INFO :Test_MMT :Hindi Alert Close
2022-01-22 23:36:38,757 :INFO :Test_MMT :Flights link clicked
2022-01-22 23:36:39,046 :INFO :Test_MMT :Hotels link clicked
2022-01-22 23:36:39,495 :INFO :Test_MMT :Homestays link clicked
2022-01-22 23:36:39,910 :INFO :Test_MMT :Holiday Packages link clicked
2022-01-22 23:36:40,216 :INFO :Test_MMT :Trains link clicked
2022-01-22 23:36:40,845 :INFO :Test_MMT :Buses link clicked
2022-01-22 23:36:42,368 :INFO :Test_MMT :Cabs link clicked
2022-01-22 23:36:42,777 :INFO :Test_MMT :Visa link clicked
2022-01-22 23:36:43,070 :INFO :Test_MMT :Charter Flights link clicked
2022-01-22 23:36:43,210 :INFO :Test_MMT :Activities link clicked
2022-01-22 23:36:43,210 :INFO :Test_MMT :Successfully Clicked on All links 
2022-01-22 23:36:46,088 :INFO :Test_Flight :One Way Radio Button is default selected
2022-01-22 23:36:46,150 :INFO :Test_Flight :Flight FROM section is appearing
2022-01-22 23:44:40,500 :INFO :Test_MMT :Web Url is : https://www.makemytrip.com/
2022-01-22 23:45:28,635 :INFO :Test_MMT :User details section Close
2022-01-22 23:45:29,770 :INFO :Test_MMT :Hindi Alert Close
2022-01-22 23:45:30,194 :INFO :Test_MMT :Flights link clicked
2022-01-22 23:45:30,682 :INFO :Test_MMT :Hotels link clicked
2022-01-22 23:45:30,880 :INFO :Test_MMT :Homestays link clicked
2022-01-22 23:45:31,040 :INFO :Test_MMT :Holiday Packages link clicked
2022-01-22 23:45:31,672 :INFO :Test_MMT :Trains link clicked
2022-01-22 23:45:31,864 :INFO :Test_MMT :Buses link clicked
2022-01-22 23:45:32,018 :INFO :Test_MMT :Cabs link clicked
2022-01-22 23:45:32,175 :INFO :Test_MMT :Visa link clicked
2022-01-22 23:45:32,320 :INFO :Test_MMT :Charter Flights link clicked
2022-01-22 23:45:32,522 :INFO :Test_MMT :Activities link clicked
2022-01-22 23:45:32,523 :INFO :Test_MMT :Successfully Clicked on All links 
2022-01-22 23:45:35,310 :INFO :Test_Flight :One Way Radio Button is default selected
2022-01-22 23:45:35,392 :INFO :Test_Flight :Flight FROM section is appearing
2022-01-22 23:46:52,019 :INFO :Test_MMT :Web Url is : https://www.makemytrip.com/
2022-01-22 23:47:05,249 :INFO :Test_MMT :User details section Close
2022-01-22 23:47:06,378 :INFO :Test_MMT :Hindi Alert Close
2022-01-22 23:47:06,689 :INFO :Test_MMT :Flights link clicked
2022-01-22 23:47:07,090 :INFO :Test_MMT :Hotels link clicked
2022-01-22 23:47:07,321 :INFO :Test_MMT :Homestays link clicked
2022-01-22 23:47:07,485 :INFO :Test_MMT :Holiday Packages link clicked
2022-01-22 23:47:07,819 :INFO :Test_MMT :Trains link clicked
2022-01-22 23:47:08,170 :INFO :Test_MMT :Buses link clicked
2022-01-22 23:47:09,168 :INFO :Test_MMT :Cabs link clicked
2022-01-22 23:47:09,776 :INFO :Test_MMT :Visa link clicked
2022-01-22 23:47:10,011 :INFO :Test_MMT :Charter Flights link clicked
2022-01-22 23:47:10,160 :INFO :Test_MMT :Activities link clicked
2022-01-22 23:47:10,160 :INFO :Test_MMT :Successfully Clicked on All links 
2022-01-22 23:47:12,780 :INFO :Test_Flight :One Way Radio Button is default selected
2022-01-22 23:47:12,811 :INFO :Test_Flight :Flight FROM section is appearing
2022-01-22 23:47:38,426 :INFO :Test_MMT :Web Url is : https://www.makemytrip.com/
2022-01-22 23:47:50,531 :INFO :Test_MMT :User details section Close
2022-01-22 23:47:51,643 :INFO :Test_MMT :Hindi Alert Close
2022-01-22 23:47:51,936 :INFO :Test_MMT :Flights link clicked
2022-01-22 23:47:52,378 :INFO :Test_MMT :Hotels link clicked
2022-01-22 23:47:52,858 :INFO :Test_MMT :Homestays link clicked
2022-01-22 23:47:53,050 :INFO :Test_MMT :Holiday Packages link clicked
2022-01-22 23:47:53,352 :INFO :Test_MMT :Trains link clicked
2022-01-22 23:47:53,804 :INFO :Test_MMT :Buses link clicked
2022-01-22 23:47:54,796 :INFO :Test_MMT :Cabs link clicked
2022-01-22 23:47:55,103 :INFO :Test_MMT :Visa link clicked
2022-01-22 23:47:55,266 :INFO :Test_MMT :Charter Flights link clicked
2022-01-22 23:47:55,392 :INFO :Test_MMT :Activities link clicked
2022-01-22 23:47:55,393 :INFO :Test_MMT :Successfully Clicked on All links 
2022-01-22 23:47:58,005 :INFO :Test_Flight :One Way Radio Button is default selected
2022-01-22 23:47:58,037 :INFO :Test_Flight :Flight FROM section is appearing
